c:\users\jinya\desktop\school\year3\sem4\cuda\a3.2template\a3\a3\x64\release\vc142.pdb
c:\users\jinya\desktop\school\year3\sem4\cuda\a3.2template\a3\a3\x64\release\vkuioverlay.obj
c:\users\jinya\desktop\school\year3\sem4\cuda\a3.2template\a3\a3\x64\release\vktools.obj
c:\users\jinya\desktop\school\year3\sem4\cuda\a3.2template\a3\a3\x64\release\vktexture.obj
c:\users\jinya\desktop\school\year3\sem4\cuda\a3.2template\a3\a3\x64\release\vkswapchain.obj
c:\users\jinya\desktop\school\year3\sem4\cuda\a3.2template\a3\a3\x64\release\vkgltf.obj
c:\users\jinya\desktop\school\year3\sem4\cuda\a3.2template\a3\a3\x64\release\vkdevice.obj
c:\users\jinya\desktop\school\year3\sem4\cuda\a3.2template\a3\a3\x64\release\vkdebug.obj
c:\users\jinya\desktop\school\year3\sem4\cuda\a3.2template\a3\a3\x64\release\vkbuffer.obj
c:\users\jinya\desktop\school\year3\sem4\cuda\a3.2template\a3\a3\x64\release\main.obj
c:\users\jinya\desktop\school\year3\sem4\cuda\a3.2template\a3\a3\x64\release\appbase.obj
c:\users\jinya\desktop\school\year3\sem4\cuda\a3.2template\a3\a3\x64\release\imgui_widgets.obj
c:\users\jinya\desktop\school\year3\sem4\cuda\a3.2template\a3\a3\x64\release\imgui_draw.obj
c:\users\jinya\desktop\school\year3\sem4\cuda\a3.2template\a3\a3\x64\release\imgui.obj
c:\users\jinya\desktop\school\year3\sem4\cuda\a3.2template\a3\a3\x64\release\texture.obj
c:\users\jinya\desktop\school\year3\sem4\cuda\a3.2template\a3\a3\x64\release\swap.obj
c:\users\jinya\desktop\school\year3\sem4\cuda\a3.2template\a3\a3\x64\release\memstream.obj
c:\users\jinya\desktop\school\year3\sem4\cuda\a3.2template\a3\a3\x64\release\hashlist.obj
c:\users\jinya\desktop\school\year3\sem4\cuda\a3.2template\a3\a3\x64\release\filestream.obj
c:\users\jinya\desktop\school\year3\sem4\cuda\a3.2template\a3\a3\x64\release\checkheader.obj
c:\users\jinya\desktop\school\year3\sem4\cuda\a3.2template\a3\x64\release\a3.exe
c:\users\jinya\desktop\school\year3\sem4\cuda\a3.2template\a3\a3\x64\release\a3.ipdb
c:\users\jinya\desktop\school\year3\sem4\cuda\a3.2template\a3\a3\x64\release\a3.iobj
c:\users\jinya\desktop\school\year3\sem4\cuda\a3.2template\a3\x64\release\a3.pdb
c:\users\jinya\desktop\school\year3\sem4\cuda\a3.2template\a3\a3\x64\release\a3.tlog\cl.command.1.tlog
c:\users\jinya\desktop\school\year3\sem4\cuda\a3.2template\a3\a3\x64\release\a3.tlog\cl.read.1.tlog
c:\users\jinya\desktop\school\year3\sem4\cuda\a3.2template\a3\a3\x64\release\a3.tlog\cl.write.1.tlog
c:\users\jinya\desktop\school\year3\sem4\cuda\a3.2template\a3\a3\x64\release\a3.tlog\link.command.1.tlog
c:\users\jinya\desktop\school\year3\sem4\cuda\a3.2template\a3\a3\x64\release\a3.tlog\link.read.1.tlog
c:\users\jinya\desktop\school\year3\sem4\cuda\a3.2template\a3\a3\x64\release\a3.tlog\link.write.1.tlog
